app/build/outputs/mapping/release/seeds.txt
in.rmtsbus.twa.Application: Application()
in.rmtsbus.twa.DelegationService
in.rmtsbus.twa.Application
in.rmtsbus.twa.LauncherActivity: LauncherActivity()
in.rmtsbus.twa.LauncherActivity
in.rmtsbus.twa.DelegationService: DelegationService()
...
com.google.androidbrowserhelper.R$string: int manage_space_not_supported_toast
androidx.browser.browseractions.BrowserActionsFallbackMenuView: BrowserActionsFallbackMenuView(android.content.Context,android.util.AttributeSet)
androidx.core.app.CoreComponentFactory
com.google.androidbrowserhelper.trusted.LauncherActivity: LauncherActivity()
androidx.core.graphics.drawable.IconCompat: IconCompat()
androidx.core.content.FileProvider: FileProvider()
androidx.browser.R$dimen: int compat_button_inset_horizontal_material
androidx.versionedparcelable.ParcelImpl
androidx.versionedparcelable.CustomVersionedParcelable: CustomVersionedParcelable()
androidx.browser.R$dimen: int notification_top_pad
com.google.androidbrowserhelper.trusted.ManageDataLauncherActivity
androidx.core.app.RemoteActionCompat: RemoteActionCompat()
androidx.browser.R$dimen: int compat_notification_large_icon_max_height
androidx.core.app.RemoteActionCompatParcelizer
androidx.browser.R$dimen: int compat_button_padding_vertical_material
androidx.core.graphics.drawable.IconCompatParcelizer: androidx.core.graphics.drawable.IconCompat read(androidx.versionedparcelable.VersionedParcel)
com.google.androidbrowserhelper.trusted.WebViewFallbackActivity: WebViewFallbackActivity()
com.google.androidbrowserhelper.R$drawable: int notification_bg_low_normal
com.google.androidbrowserhelper.R$string: int fallback_menu_item_open_in_browser
com.google.androidbrowserhelper.R$string: int update_chrome_toast
androidx.browser.R$dimen: int notification_action_text_size
androidx.core.graphics.drawable.IconCompatParcelizer
androidx.browser.R$dimen: int compat_button_padding_horizontal_material
androidx.lifecycle.FullLifecycleObserverAdapter
androidx.core.app.CoreComponentFactory: CoreComponentFactory()
androidx.browser.R$dimen: int compat_button_inset_vertical_material
androidx.browser.R$dimen: int notification_subtext_size
androidx.browser.R$dimen: int browser_actions_context_menu_min_padding
android.support.v4.graphics.drawable.IconCompatParcelizer: void write(androidx.core.graphics.drawable.IconCompat,androidx.versionedparcelable.VersionedParcel)
com.google.androidbrowserhelper.R$string: int status_bar_notification_info_overflow
android.support.v4.app.RemoteActionCompatParcelizer: androidx.core.app.RemoteActionCompat read(androidx.versionedparcelable.VersionedParcel)
android.support.v4.graphics.drawable.IconCompatParcelizer: androidx.core.graphics.drawable.IconCompat read(androidx.versionedparcelable.VersionedParcel)
com.google.androidbrowserhelper.trusted.DelegationService: DelegationService()
android.support.v4.graphics.drawable.IconCompatParcelizer
androidx.core.app.RemoteActionCompatParcelizer: void write(androidx.core.app.RemoteActionCompat,androidx.versionedparcelable.VersionedParcel)
androidx.lifecycle.ReflectiveGenericLifecycleObserver
androidx.browser.R$dimen: int notification_big_circle_margin
com.google.androidbrowserhelper.R$string: int no_provider_toast
androidx.browser.R$dimen: int notification_small_icon_size_as_large
androidx.lifecycle.SingleGeneratedAdapterObserver
android.support.v4.graphics.drawable.IconCompatParcelizer: IconCompatParcelizer()
androidx.versionedparcelable.ParcelImpl: android.os.Parcelable$Creator CREATOR
androidx.core.app.RemoteActionCompatParcelizer: RemoteActionCompatParcelizer()
com.google.androidbrowserhelper.R$drawable: int notification_action_background
androidx.browser.R$dimen: int notification_media_narrow_margin
androidx.core.app.RemoteActionCompatParcelizer: androidx.core.app.RemoteActionCompat read(androidx.versionedparcelable.VersionedParcel)
com.google.androidbrowserhelper.R$drawable: int notification_bg_low
androidx.browser.R$dimen: int notification_right_icon_size
com.google.androidbrowserhelper.R$drawable: int notification_tile_bg
android.support.v4.app.RemoteActionCompatParcelizer: void write(androidx.core.app.RemoteActionCompat,androidx.versionedparcelable.VersionedParcel)
androidx.browser.browseractions.BrowserActionsFallbackMenuView